
> ep-client@2.4.3 serve /root/easypicker2-client
> vite preview

  ➜  Local:   http://localhost:4173/
  ➜  Network: http://192.168.0.75:4173/

> ep-client@2.4.3 serve /root/easypicker2-client
> vite preview

Port 4173 is in use, trying another one...
  ➜  Local:   http://localhost:4174/
  ➜  Network: http://192.168.0.75:4174/

> ep-client@2.4.3 serve /root/easypicker2-client
> vite preview

Port 4173 is in use, trying another one...
Port 4174 is in use, trying another one...
  ➜  Local:   http://localhost:4175/
  ➜  Network: http://192.168.0.75:4175/

> ep-client@2.4.3 serve /root/easypicker2-client
> vite preview

Port 4173 is in use, trying another one...
Port 4174 is in use, trying another one...
Port 4175 is in use, trying another one...
  ➜  Local:   http://localhost:4176/
  ➜  Network: http://192.168.0.75:4176/

> ep-client@2.4.3 serve /root/easypicker2-client
> vite preview

Port 4173 is in use, trying another one...
Port 4174 is in use, trying another one...
Port 4175 is in use, trying another one...
Port 4176 is in use, trying another one...
  ➜  Local:   http://localhost:4177/
  ➜  Network: http://192.168.0.75:4177/
